[2024-01-18 23:24:08] local.ERROR: SQLSTATE[HY000] [1045] Access denied for user 'root'@'127.0.0.1' (using password: NO) (Connection: mysql, SQL: select `url` from `categories` where `status` = 1) {"exception":"[object] (Illuminate\\Database\\QueryException(code: 1045): SQLSTATE[HY000] [1045] Access denied for user 'root'@'127.0.0.1' (using password: NO) (Connection: mysql, SQL: select `url` from `categories` where `status` = 1) at /home/u696756991/domains/caserole.shop/public_html/vendor/laravel/framework/src/Illuminate/Database/Connection.php:801)
[stacktrace]
#0 /home/u696756991/domains/caserole.shop/public_html/vendor/laravel/framework/src/Illuminate/Database/Connection.php(755): Illuminate\\Database\\Connection->runQueryCallback()
#1 /home/u696756991/domains/caserole.shop/public_html/vendor/laravel/framework/src/Illuminate/Database/Connection.php(424): Illuminate\\Database\\Connection->run()
#2 /home/u696756991/domains/caserole.shop/public_html/vendor/laravel/framework/src/Illuminate/Database/Query/Builder.php(2752): Illuminate\\Database\\Connection->select()
#3 /home/u696756991/domains/caserole.shop/public_html/vendor/laravel/framework/src/Illuminate/Database/Query/Builder.php(2740): Illuminate\\Database\\Query\\Builder->runSelect()
#4 /home/u696756991/domains/caserole.shop/public_html/vendor/laravel/framework/src/Illuminate/Database/Query/Builder.php(3294): Illuminate\\Database\\Query\\Builder->Illuminate\\Database\\Query\\{closure}()
#5 /home/u696756991/domains/caserole.shop/public_html/vendor/laravel/framework/src/Illuminate/Database/Query/Builder.php(2741): Illuminate\\Database\\Query\\Builder->onceWithColumns()
#6 /home/u696756991/domains/caserole.shop/public_html/vendor/laravel/framework/src/Illuminate/Database/Eloquent/Builder.php(737): Illuminate\\Database\\Query\\Builder->get()
#7 /home/u696756991/domains/caserole.shop/public_html/vendor/laravel/framework/src/Illuminate/Database/Eloquent/Builder.php(721): Illuminate\\Database\\Eloquent\\Builder->getModels()
#8 /home/u696756991/domains/caserole.shop/public_html/routes/web.php(206): Illuminate\\Database\\Eloquent\\Builder->get()
#9 /home/u696756991/domains/caserole.shop/public_html/vendor/laravel/framework/src/Illuminate/Routing/Router.php(502): Illuminate\\Routing\\RouteFileRegistrar->{closure}()
#10 /home/u696756991/domains/caserole.shop/public_html/vendor/laravel/framework/src/Illuminate/Routing/Router.php(458): Illuminate\\Routing\\Router->loadRoutes()
#11 /home/u696756991/domains/caserole.shop/public_html/vendor/laravel/framework/src/Illuminate/Routing/RouteRegistrar.php(192): Illuminate\\Routing\\Router->group()
#12 /home/u696756991/domains/caserole.shop/public_html/routes/web.php(336): Illuminate\\Routing\\RouteRegistrar->group()
#13 /home/u696756991/domains/caserole.shop/public_html/vendor/laravel/framework/src/Illuminate/Routing/RouteFileRegistrar.php(35): require('/home/u69675699...')
#14 /home/u696756991/domains/caserole.shop/public_html/vendor/laravel/framework/src/Illuminate/Routing/Router.php(504): Illuminate\\Routing\\RouteFileRegistrar->register()
#15 /home/u696756991/domains/caserole.shop/public_html/vendor/laravel/framework/src/Illuminate/Routing/Router.php(458): Illuminate\\Routing\\Router->loadRoutes()
#16 /home/u696756991/domains/caserole.shop/public_html/vendor/laravel/framework/src/Illuminate/Routing/RouteRegistrar.php(192): Illuminate\\Routing\\Router->group()
#17 /home/u696756991/domains/caserole.shop/public_html/app/Providers/RouteServiceProvider.php(37): Illuminate\\Routing\\RouteRegistrar->group()
#18 /home/u696756991/domains/caserole.shop/public_html/vendor/laravel/framework/src/Illuminate/Container/BoundMethod.php(36): App\\Providers\\RouteServiceProvider->App\\Providers\\{closure}()
#19 /home/u696756991/domains/caserole.shop/public_html/vendor/laravel/framework/src/Illuminate/Container/Util.php(41): Illuminate\\Container\\BoundMethod::Illuminate\\Container\\{closure}()
#20 /home/u696756991/domains/caserole.shop/public_html/vendor/laravel/framework/src/Illuminate/Container/BoundMethod.php(81): Illuminate\\Container\\Util::unwrapIfClosure()
#21 /home/u696756991/domains/caserole.shop/public_html/vendor/laravel/framework/src/Illuminate/Container/BoundMethod.php(37): Illuminate\\Container\\BoundMethod::callBoundMethod()
#22 /home/u696756991/domains/caserole.shop/public_html/vendor/laravel/framework/src/Illuminate/Container/Container.php(662): Illuminate\\Container\\BoundMethod::call()
#23 /home/u696756991/domains/caserole.shop/public_html/vendor/laravel/framework/src/Illuminate/Foundation/Support/Providers/RouteServiceProvider.php(120): Illuminate\\Container\\Container->call()
#24 /home/u696756991/domains/caserole.shop/public_html/vendor/laravel/framework/src/Illuminate/Foundation/Support/Providers/RouteServiceProvider.php(45): Illuminate\\Foundation\\Support\\Providers\\RouteServiceProvider->loadRoutes()
#25 /home/u696756991/domains/caserole.shop/public_html/vendor/laravel/framework/src/Illuminate/Container/BoundMethod.php(36): Illuminate\\Foundation\\Support\\Providers\\RouteServiceProvider->Illuminate\\Foundation\\Support\\Providers\\{closure}()
#26 /home/u696756991/domains/caserole.shop/public_html/vendor/laravel/framework/src/Illuminate/Container/Util.php(41): Illuminate\\Container\\BoundMethod::Illuminate\\Container\\{closure}()
#27 /home/u696756991/domains/caserole.shop/public_html/vendor/laravel/framework/src/Illuminate/Container/BoundMethod.php(81): Illuminate\\Container\\Util::unwrapIfClosure()
#28 /home/u696756991/domains/caserole.shop/public_html/vendor/laravel/framework/src/Illuminate/Container/BoundMethod.php(37): Illuminate\\Container\\BoundMethod::callBoundMethod()
#29 /home/u696756991/domains/caserole.shop/public_html/vendor/laravel/framework/src/Illuminate/Container/Container.php(662): Illuminate\\Container\\BoundMethod::call()
#30 /home/u696756991/domains/caserole.shop/public_html/vendor/laravel/framework/src/Illuminate/Support/ServiceProvider.php(119): Illuminate\\Container\\Container->call()
#31 /home/u696756991/domains/caserole.shop/public_html/vendor/laravel/framework/src/Illuminate/Foundation/Application.php(1013): Illuminate\\Support\\ServiceProvider->callBootedCallbacks()
#32 /home/u696756991/domains/caserole.shop/public_html/vendor/laravel/framework/src/Illuminate/Foundation/Application.php(991): Illuminate\\Foundation\\Application->bootProvider()
#33 [internal function]: Illuminate\\Foundation\\Application->Illuminate\\Foundation\\{closure}()
#34 /home/u696756991/domains/caserole.shop/public_html/vendor/laravel/framework/src/Illuminate/Foundation/Application.php(992): array_walk()
#35 /home/u696756991/domains/caserole.shop/public_html/vendor/laravel/framework/src/Illuminate/Foundation/Bootstrap/BootProviders.php(17): Illuminate\\Foundation\\Application->boot()
#36 /home/u696756991/domains/caserole.shop/public_html/vendor/laravel/framework/src/Illuminate/Foundation/Application.php(261): Illuminate\\Foundation\\Bootstrap\\BootProviders->bootstrap()
#37 /home/u696756991/domains/caserole.shop/public_html/vendor/laravel/framework/src/Illuminate/Foundation/Http/Kernel.php(186): Illuminate\\Foundation\\Application->bootstrapWith()
#38 /home/u696756991/domains/caserole.shop/public_html/vendor/laravel/framework/src/Illuminate/Foundation/Http/Kernel.php(170): Illuminate\\Foundation\\Http\\Kernel->bootstrap()
#39 /home/u696756991/domains/caserole.shop/public_html/vendor/laravel/framework/src/Illuminate/Foundation/Http/Kernel.php(144): Illuminate\\Foundation\\Http\\Kernel->sendRequestThroughRouter()
#40 /home/u696756991/domains/caserole.shop/public_html/public/index.php(52): Illuminate\\Foundation\\Http\\Kernel->handle()
#41 {main}

[previous exception] [object] (PDOException(code: 1045): SQLSTATE[HY000] [1045] Access denied for user 'root'@'127.0.0.1' (using password: NO) at /home/u696756991/domains/caserole.shop/public_html/vendor/laravel/framework/src/Illuminate/Database/Connectors/Connector.php:65)
[stacktrace]
#0 /home/u696756991/domains/caserole.shop/public_html/vendor/laravel/framework/src/Illuminate/Database/Connectors/Connector.php(65): PDO->__construct()
#1 /home/u696756991/domains/caserole.shop/public_html/vendor/laravel/framework/src/Illuminate/Database/Connectors/Connector.php(45): Illuminate\\Database\\Connectors\\Connector->createPdoConnection()
#2 /home/u696756991/domains/caserole.shop/public_html/vendor/laravel/framework/src/Illuminate/Database/Connectors/MySqlConnector.php(24): Illuminate\\Database\\Connectors\\Connector->createConnection()
#3 /home/u696756991/domains/caserole.shop/public_html/vendor/laravel/framework/src/Illuminate/Database/Connectors/ConnectionFactory.php(184): Illuminate\\Database\\Connectors\\MySqlConnector->connect()
#4 [internal function]: Illuminate\\Database\\Connectors\\ConnectionFactory->Illuminate\\Database\\Connectors\\{closure}()
#5 /home/u696756991/domains/caserole.shop/public_html/vendor/laravel/framework/src/Illuminate/Database/Connection.php(1292): call_user_func()
#6 /home/u696756991/domains/caserole.shop/public_html/vendor/laravel/framework/src/Illuminate/Database/Connection.php(1328): Illuminate\\Database\\Connection->getPdo()
#7 /home/u696756991/domains/caserole.shop/public_html/vendor/laravel/framework/src/Illuminate/Database/Connection.php(521): Illuminate\\Database\\Connection->getReadPdo()
#8 /home/u696756991/domains/caserole.shop/public_html/vendor/laravel/framework/src/Illuminate/Database/Connection.php(416): Illuminate\\Database\\Connection->getPdoForSelect()
#9 /home/u696756991/domains/caserole.shop/public_html/vendor/laravel/framework/src/Illuminate/Database/Connection.php(788): Illuminate\\Database\\Connection->Illuminate\\Database\\{closure}()
#10 /home/u696756991/domains/caserole.shop/public_html/vendor/laravel/framework/src/Illuminate/Database/Connection.php(755): Illuminate\\Database\\Connection->runQueryCallback()
#11 /home/u696756991/domains/caserole.shop/public_html/vendor/laravel/framework/src/Illuminate/Database/Connection.php(424): Illuminate\\Database\\Connection->run()
#12 /home/u696756991/domains/caserole.shop/public_html/vendor/laravel/framework/src/Illuminate/Database/Query/Builder.php(2752): Illuminate\\Database\\Connection->select()
#13 /home/u696756991/domains/caserole.shop/public_html/vendor/laravel/framework/src/Illuminate/Database/Query/Builder.php(2740): Illuminate\\Database\\Query\\Builder->runSelect()
#14 /home/u696756991/domains/caserole.shop/public_html/vendor/laravel/framework/src/Illuminate/Database/Query/Builder.php(3294): Illuminate\\Database\\Query\\Builder->Illuminate\\Database\\Query\\{closure}()
#15 /home/u696756991/domains/caserole.shop/public_html/vendor/laravel/framework/src/Illuminate/Database/Query/Builder.php(2741): Illuminate\\Database\\Query\\Builder->onceWithColumns()
#16 /home/u696756991/domains/caserole.shop/public_html/vendor/laravel/framework/src/Illuminate/Database/Eloquent/Builder.php(737): Illuminate\\Database\\Query\\Builder->get()
#17 /home/u696756991/domains/caserole.shop/public_html/vendor/laravel/framework/src/Illuminate/Database/Eloquent/Builder.php(721): Illuminate\\Database\\Eloquent\\Builder->getModels()
#18 /home/u696756991/domains/caserole.shop/public_html/routes/web.php(206): Illuminate\\Database\\Eloquent\\Builder->get()
#19 /home/u696756991/domains/caserole.shop/public_html/vendor/laravel/framework/src/Illuminate/Routing/Router.php(502): Illuminate\\Routing\\RouteFileRegistrar->{closure}()
#20 /home/u696756991/domains/caserole.shop/public_html/vendor/laravel/framework/src/Illuminate/Routing/Router.php(458): Illuminate\\Routing\\Router->loadRoutes()
#21 /home/u696756991/domains/caserole.shop/public_html/vendor/laravel/framework/src/Illuminate/Routing/RouteRegistrar.php(192): Illuminate\\Routing\\Router->group()
#22 /home/u696756991/domains/caserole.shop/public_html/routes/web.php(336): Illuminate\\Routing\\RouteRegistrar->group()
#23 /home/u696756991/domains/caserole.shop/public_html/vendor/laravel/framework/src/Illuminate/Routing/RouteFileRegistrar.php(35): require('/home/u69675699...')
#24 /home/u696756991/domains/caserole.shop/public_html/vendor/laravel/framework/src/Illuminate/Routing/Router.php(504): Illuminate\\Routing\\RouteFileRegistrar->register()
#25 /home/u696756991/domains/caserole.shop/public_html/vendor/laravel/framework/src/Illuminate/Routing/Router.php(458): Illuminate\\Routing\\Router->loadRoutes()
#26 /home/u696756991/domains/caserole.shop/public_html/vendor/laravel/framework/src/Illuminate/Routing/RouteRegistrar.php(192): Illuminate\\Routing\\Router->group()
#27 /home/u696756991/domains/caserole.shop/public_html/app/Providers/RouteServiceProvider.php(37): Illuminate\\Routing\\RouteRegistrar->group()
#28 /home/u696756991/domains/caserole.shop/public_html/vendor/laravel/framework/src/Illuminate/Container/BoundMethod.php(36): App\\Providers\\RouteServiceProvider->App\\Providers\\{closure}()
#29 /home/u696756991/domains/caserole.shop/public_html/vendor/laravel/framework/src/Illuminate/Container/Util.php(41): Illuminate\\Container\\BoundMethod::Illuminate\\Container\\{closure}()
#30 /home/u696756991/domains/caserole.shop/public_html/vendor/laravel/framework/src/Illuminate/Container/BoundMethod.php(81): Illuminate\\Container\\Util::unwrapIfClosure()
#31 /home/u696756991/domains/caserole.shop/public_html/vendor/laravel/framework/src/Illuminate/Container/BoundMethod.php(37): Illuminate\\Container\\BoundMethod::callBoundMethod()
#32 /home/u696756991/domains/caserole.shop/public_html/vendor/laravel/framework/src/Illuminate/Container/Container.php(662): Illuminate\\Container\\BoundMethod::call()
#33 /home/u696756991/domains/caserole.shop/public_html/vendor/laravel/framework/src/Illuminate/Foundation/Support/Providers/RouteServiceProvider.php(120): Illuminate\\Container\\Container->call()
#34 /home/u696756991/domains/caserole.shop/public_html/vendor/laravel/framework/src/Illuminate/Foundation/Support/Providers/RouteServiceProvider.php(45): Illuminate\\Foundation\\Support\\Providers\\RouteServiceProvider->loadRoutes()
#35 /home/u696756991/domains/caserole.shop/public_html/vendor/laravel/framework/src/Illuminate/Container/BoundMethod.php(36): Illuminate\\Foundation\\Support\\Providers\\RouteServiceProvider->Illuminate\\Foundation\\Support\\Providers\\{closure}()
#36 /home/u696756991/domains/caserole.shop/public_html/vendor/laravel/framework/src/Illuminate/Container/Util.php(41): Illuminate\\Container\\BoundMethod::Illuminate\\Container\\{closure}()
#37 /home/u696756991/domains/caserole.shop/public_html/vendor/laravel/framework/src/Illuminate/Container/BoundMethod.php(81): Illuminate\\Container\\Util::unwrapIfClosure()
#38 /home/u696756991/domains/caserole.shop/public_html/vendor/laravel/framework/src/Illuminate/Container/BoundMethod.php(37): Illuminate\\Container\\BoundMethod::callBoundMethod()
#39 /home/u696756991/domains/caserole.shop/public_html/vendor/laravel/framework/src/Illuminate/Container/Container.php(662): Illuminate\\Container\\BoundMethod::call()
#40 /home/u696756991/domains/caserole.shop/public_html/vendor/laravel/framework/src/Illuminate/Support/ServiceProvider.php(119): Illuminate\\Container\\Container->call()
#41 /home/u696756991/domains/caserole.shop/public_html/vendor/laravel/framework/src/Illuminate/Foundation/Application.php(1013): Illuminate\\Support\\ServiceProvider->callBootedCallbacks()
#42 /home/u696756991/domains/caserole.shop/public_html/vendor/laravel/framework/src/Illuminate/Foundation/Application.php(991): Illuminate\\Foundation\\Application->bootProvider()
#43 [internal function]: Illuminate\\Foundation\\Application->Illuminate\\Foundation\\{closure}()
#44 /home/u696756991/domains/caserole.shop/public_html/vendor/laravel/framework/src/Illuminate/Foundation/Application.php(992): array_walk()
#45 /home/u696756991/domains/caserole.shop/public_html/vendor/laravel/framework/src/Illuminate/Foundation/Bootstrap/BootProviders.php(17): Illuminate\\Foundation\\Application->boot()
#46 /home/u696756991/domains/caserole.shop/public_html/vendor/laravel/framework/src/Illuminate/Foundation/Application.php(261): Illuminate\\Foundation\\Bootstrap\\BootProviders->bootstrap()
#47 /home/u696756991/domains/caserole.shop/public_html/vendor/laravel/framework/src/Illuminate/Foundation/Http/Kernel.php(186): Illuminate\\Foundation\\Application->bootstrapWith()
#48 /home/u696756991/domains/caserole.shop/public_html/vendor/laravel/framework/src/Illuminate/Foundation/Http/Kernel.php(170): Illuminate\\Foundation\\Http\\Kernel->bootstrap()
#49 /home/u696756991/domains/caserole.shop/public_html/vendor/laravel/framework/src/Illuminate/Foundation/Http/Kernel.php(144): Illuminate\\Foundation\\Http\\Kernel->sendRequestThroughRouter()
#50 /home/u696756991/domains/caserole.shop/public_html/public/index.php(52): Illuminate\\Foundation\\Http\\Kernel->handle()
#51 {main}
"} 
[2024-01-18 23:24:47] local.ERROR: SQLSTATE[HY000] [1045] Access denied for user 'root'@'127.0.0.1' (using password: NO) (Connection: mysql, SQL: select `url` from `categories` where `status` = 1) {"exception":"[object] (Illuminate\\Database\\QueryException(code: 1045): SQLSTATE[HY000] [1045] Access denied for user 'root'@'127.0.0.1' (using password: NO) (Connection: mysql, SQL: select `url` from `categories` where `status` = 1) at /home/u696756991/domains/caserole.shop/public_html/vendor/laravel/framework/src/Illuminate/Database/Connection.php:801)
[stacktrace]
#0 /home/u696756991/domains/caserole.shop/public_html/vendor/laravel/framework/src/Illuminate/Database/Connection.php(755): Illuminate\\Database\\Connection->runQueryCallback()
#1 /home/u696756991/domains/caserole.shop/public_html/vendor/laravel/framework/src/Illuminate/Database/Connection.php(424): Illuminate\\Database\\Connection->run()
#2 /home/u696756991/domains/caserole.shop/public_html/vendor/laravel/framework/src/Illuminate/Database/Query/Builder.php(2752): Illuminate\\Database\\Connection->select()
#3 /home/u696756991/domains/caserole.shop/public_html/vendor/laravel/framework/src/Illuminate/Database/Query/Builder.php(2740): Illuminate\\Database\\Query\\Builder->runSelect()
#4 /home/u696756991/domains/caserole.shop/public_html/vendor/laravel/framework/src/Illuminate/Database/Query/Builder.php(3294): Illuminate\\Database\\Query\\Builder->Illuminate\\Database\\Query\\{closure}()
#5 /home/u696756991/domains/caserole.shop/public_html/vendor/laravel/framework/src/Illuminate/Database/Query/Builder.php(2741): Illuminate\\Database\\Query\\Builder->onceWithColumns()
#6 /home/u696756991/domains/caserole.shop/public_html/vendor/laravel/framework/src/Illuminate/Database/Eloquent/Builder.php(737): Illuminate\\Database\\Query\\Builder->get()
#7 /home/u696756991/domains/caserole.shop/public_html/vendor/laravel/framework/src/Illuminate/Database/Eloquent/Builder.php(721): Illuminate\\Database\\Eloquent\\Builder->getModels()
#8 /home/u696756991/domains/caserole.shop/public_html/routes/web.php(206): Illuminate\\Database\\Eloquent\\Builder->get()
#9 /home/u696756991/domains/caserole.shop/public_html/vendor/laravel/framework/src/Illuminate/Routing/Router.php(502): Illuminate\\Routing\\RouteFileRegistrar->{closure}()
#10 /home/u696756991/domains/caserole.shop/public_html/vendor/laravel/framework/src/Illuminate/Routing/Router.php(458): Illuminate\\Routing\\Router->loadRoutes()
#11 /home/u696756991/domains/caserole.shop/public_html/vendor/laravel/framework/src/Illuminate/Routing/RouteRegistrar.php(192): Illuminate\\Routing\\Router->group()
#12 /home/u696756991/domains/caserole.shop/public_html/routes/web.php(336): Illuminate\\Routing\\RouteRegistrar->group()
#13 /home/u696756991/domains/caserole.shop/public_html/vendor/laravel/framework/src/Illuminate/Routing/RouteFileRegistrar.php(35): require('/home/u69675699...')
#14 /home/u696756991/domains/caserole.shop/public_html/vendor/laravel/framework/src/Illuminate/Routing/Router.php(504): Illuminate\\Routing\\RouteFileRegistrar->register()
#15 /home/u696756991/domains/caserole.shop/public_html/vendor/laravel/framework/src/Illuminate/Routing/Router.php(458): Illuminate\\Routing\\Router->loadRoutes()
#16 /home/u696756991/domains/caserole.shop/public_html/vendor/laravel/framework/src/Illuminate/Routing/RouteRegistrar.php(192): Illuminate\\Routing\\Router->group()
#17 /home/u696756991/domains/caserole.shop/public_html/app/Providers/RouteServiceProvider.php(37): Illuminate\\Routing\\RouteRegistrar->group()
#18 /home/u696756991/domains/caserole.shop/public_html/vendor/laravel/framework/src/Illuminate/Container/BoundMethod.php(36): App\\Providers\\RouteServiceProvider->App\\Providers\\{closure}()
#19 /home/u696756991/domains/caserole.shop/public_html/vendor/laravel/framework/src/Illuminate/Container/Util.php(41): Illuminate\\Container\\BoundMethod::Illuminate\\Container\\{closure}()
#20 /home/u696756991/domains/caserole.shop/public_html/vendor/laravel/framework/src/Illuminate/Container/BoundMethod.php(81): Illuminate\\Container\\Util::unwrapIfClosure()
#21 /home/u696756991/domains/caserole.shop/public_html/vendor/laravel/framework/src/Illuminate/Container/BoundMethod.php(37): Illuminate\\Container\\BoundMethod::callBoundMethod()
#22 /home/u696756991/domains/caserole.shop/public_html/vendor/laravel/framework/src/Illuminate/Container/Container.php(662): Illuminate\\Container\\BoundMethod::call()
#23 /home/u696756991/domains/caserole.shop/public_html/vendor/laravel/framework/src/Illuminate/Foundation/Support/Providers/RouteServiceProvider.php(120): Illuminate\\Container\\Container->call()
#24 /home/u696756991/domains/caserole.shop/public_html/vendor/laravel/framework/src/Illuminate/Foundation/Support/Providers/RouteServiceProvider.php(45): Illuminate\\Foundation\\Support\\Providers\\RouteServiceProvider->loadRoutes()
#25 /home/u696756991/domains/caserole.shop/public_html/vendor/laravel/framework/src/Illuminate/Container/BoundMethod.php(36): Illuminate\\Foundation\\Support\\Providers\\RouteServiceProvider->Illuminate\\Foundation\\Support\\Providers\\{closure}()
#26 /home/u696756991/domains/caserole.shop/public_html/vendor/laravel/framework/src/Illuminate/Container/Util.php(41): Illuminate\\Container\\BoundMethod::Illuminate\\Container\\{closure}()
#27 /home/u696756991/domains/caserole.shop/public_html/vendor/laravel/framework/src/Illuminate/Container/BoundMethod.php(81): Illuminate\\Container\\Util::unwrapIfClosure()
#28 /home/u696756991/domains/caserole.shop/public_html/vendor/laravel/framework/src/Illuminate/Container/BoundMethod.php(37): Illuminate\\Container\\BoundMethod::callBoundMethod()
#29 /home/u696756991/domains/caserole.shop/public_html/vendor/laravel/framework/src/Illuminate/Container/Container.php(662): Illuminate\\Container\\BoundMethod::call()
#30 /home/u696756991/domains/caserole.shop/public_html/vendor/laravel/framework/src/Illuminate/Support/ServiceProvider.php(119): Illuminate\\Container\\Container->call()
#31 /home/u696756991/domains/caserole.shop/public_html/vendor/laravel/framework/src/Illuminate/Foundation/Application.php(1013): Illuminate\\Support\\ServiceProvider->callBootedCallbacks()
#32 /home/u696756991/domains/caserole.shop/public_html/vendor/laravel/framework/src/Illuminate/Foundation/Application.php(991): Illuminate\\Foundation\\Application->bootProvider()
#33 [internal function]: Illuminate\\Foundation\\Application->Illuminate\\Foundation\\{closure}()
#34 /home/u696756991/domains/caserole.shop/public_html/vendor/laravel/framework/src/Illuminate/Foundation/Application.php(992): array_walk()
#35 /home/u696756991/domains/caserole.shop/public_html/vendor/laravel/framework/src/Illuminate/Foundation/Bootstrap/BootProviders.php(17): Illuminate\\Foundation\\Application->boot()
#36 /home/u696756991/domains/caserole.shop/public_html/vendor/laravel/framework/src/Illuminate/Foundation/Application.php(261): Illuminate\\Foundation\\Bootstrap\\BootProviders->bootstrap()
#37 /home/u696756991/domains/caserole.shop/public_html/vendor/laravel/framework/src/Illuminate/Foundation/Http/Kernel.php(186): Illuminate\\Foundation\\Application->bootstrapWith()
#38 /home/u696756991/domains/caserole.shop/public_html/vendor/laravel/framework/src/Illuminate/Foundation/Http/Kernel.php(170): Illuminate\\Foundation\\Http\\Kernel->bootstrap()
#39 /home/u696756991/domains/caserole.shop/public_html/vendor/laravel/framework/src/Illuminate/Foundation/Http/Kernel.php(144): Illuminate\\Foundation\\Http\\Kernel->sendRequestThroughRouter()
#40 /home/u696756991/domains/caserole.shop/public_html/public/index.php(52): Illuminate\\Foundation\\Http\\Kernel->handle()
#41 {main}

[previous exception] [object] (PDOException(code: 1045): SQLSTATE[HY000] [1045] Access denied for user 'root'@'127.0.0.1' (using password: NO) at /home/u696756991/domains/caserole.shop/public_html/vendor/laravel/framework/src/Illuminate/Database/Connectors/Connector.php:65)
[stacktrace]
#0 /home/u696756991/domains/caserole.shop/public_html/vendor/laravel/framework/src/Illuminate/Database/Connectors/Connector.php(65): PDO->__construct()
#1 /home/u696756991/domains/caserole.shop/public_html/vendor/laravel/framework/src/Illuminate/Database/Connectors/Connector.php(45): Illuminate\\Database\\Connectors\\Connector->createPdoConnection()
#2 /home/u696756991/domains/caserole.shop/public_html/vendor/laravel/framework/src/Illuminate/Database/Connectors/MySqlConnector.php(24): Illuminate\\Database\\Connectors\\Connector->createConnection()
#3 /home/u696756991/domains/caserole.shop/public_html/vendor/laravel/framework/src/Illuminate/Database/Connectors/ConnectionFactory.php(184): Illuminate\\Database\\Connectors\\MySqlConnector->connect()
#4 [internal function]: Illuminate\\Database\\Connectors\\ConnectionFactory->Illuminate\\Database\\Connectors\\{closure}()
#5 /home/u696756991/domains/caserole.shop/public_html/vendor/laravel/framework/src/Illuminate/Database/Connection.php(1292): call_user_func()
#6 /home/u696756991/domains/caserole.shop/public_html/vendor/laravel/framework/src/Illuminate/Database/Connection.php(1328): Illuminate\\Database\\Connection->getPdo()
#7 /home/u696756991/domains/caserole.shop/public_html/vendor/laravel/framework/src/Illuminate/Database/Connection.php(521): Illuminate\\Database\\Connection->getReadPdo()
#8 /home/u696756991/domains/caserole.shop/public_html/vendor/laravel/framework/src/Illuminate/Database/Connection.php(416): Illuminate\\Database\\Connection->getPdoForSelect()
#9 /home/u696756991/domains/caserole.shop/public_html/vendor/laravel/framework/src/Illuminate/Database/Connection.php(788): Illuminate\\Database\\Connection->Illuminate\\Database\\{closure}()
#10 /home/u696756991/domains/caserole.shop/public_html/vendor/laravel/framework/src/Illuminate/Database/Connection.php(755): Illuminate\\Database\\Connection->runQueryCallback()
#11 /home/u696756991/domains/caserole.shop/public_html/vendor/laravel/framework/src/Illuminate/Database/Connection.php(424): Illuminate\\Database\\Connection->run()
#12 /home/u696756991/domains/caserole.shop/public_html/vendor/laravel/framework/src/Illuminate/Database/Query/Builder.php(2752): Illuminate\\Database\\Connection->select()
#13 /home/u696756991/domains/caserole.shop/public_html/vendor/laravel/framework/src/Illuminate/Database/Query/Builder.php(2740): Illuminate\\Database\\Query\\Builder->runSelect()
#14 /home/u696756991/domains/caserole.shop/public_html/vendor/laravel/framework/src/Illuminate/Database/Query/Builder.php(3294): Illuminate\\Database\\Query\\Builder->Illuminate\\Database\\Query\\{closure}()
#15 /home/u696756991/domains/caserole.shop/public_html/vendor/laravel/framework/src/Illuminate/Database/Query/Builder.php(2741): Illuminate\\Database\\Query\\Builder->onceWithColumns()
#16 /home/u696756991/domains/caserole.shop/public_html/vendor/laravel/framework/src/Illuminate/Database/Eloquent/Builder.php(737): Illuminate\\Database\\Query\\Builder->get()
#17 /home/u696756991/domains/caserole.shop/public_html/vendor/laravel/framework/src/Illuminate/Database/Eloquent/Builder.php(721): Illuminate\\Database\\Eloquent\\Builder->getModels()
#18 /home/u696756991/domains/caserole.shop/public_html/routes/web.php(206): Illuminate\\Database\\Eloquent\\Builder->get()
#19 /home/u696756991/domains/caserole.shop/public_html/vendor/laravel/framework/src/Illuminate/Routing/Router.php(502): Illuminate\\Routing\\RouteFileRegistrar->{closure}()
#20 /home/u696756991/domains/caserole.shop/public_html/vendor/laravel/framework/src/Illuminate/Routing/Router.php(458): Illuminate\\Routing\\Router->loadRoutes()
#21 /home/u696756991/domains/caserole.shop/public_html/vendor/laravel/framework/src/Illuminate/Routing/RouteRegistrar.php(192): Illuminate\\Routing\\Router->group()
#22 /home/u696756991/domains/caserole.shop/public_html/routes/web.php(336): Illuminate\\Routing\\RouteRegistrar->group()
#23 /home/u696756991/domains/caserole.shop/public_html/vendor/laravel/framework/src/Illuminate/Routing/RouteFileRegistrar.php(35): require('/home/u69675699...')
#24 /home/u696756991/domains/caserole.shop/public_html/vendor/laravel/framework/src/Illuminate/Routing/Router.php(504): Illuminate\\Routing\\RouteFileRegistrar->register()
#25 /home/u696756991/domains/caserole.shop/public_html/vendor/laravel/framework/src/Illuminate/Routing/Router.php(458): Illuminate\\Routing\\Router->loadRoutes()
#26 /home/u696756991/domains/caserole.shop/public_html/vendor/laravel/framework/src/Illuminate/Routing/RouteRegistrar.php(192): Illuminate\\Routing\\Router->group()
#27 /home/u696756991/domains/caserole.shop/public_html/app/Providers/RouteServiceProvider.php(37): Illuminate\\Routing\\RouteRegistrar->group()
#28 /home/u696756991/domains/caserole.shop/public_html/vendor/laravel/framework/src/Illuminate/Container/BoundMethod.php(36): App\\Providers\\RouteServiceProvider->App\\Providers\\{closure}()
#29 /home/u696756991/domains/caserole.shop/public_html/vendor/laravel/framework/src/Illuminate/Container/Util.php(41): Illuminate\\Container\\BoundMethod::Illuminate\\Container\\{closure}()
#30 /home/u696756991/domains/caserole.shop/public_html/vendor/laravel/framework/src/Illuminate/Container/BoundMethod.php(81): Illuminate\\Container\\Util::unwrapIfClosure()
#31 /home/u696756991/domains/caserole.shop/public_html/vendor/laravel/framework/src/Illuminate/Container/BoundMethod.php(37): Illuminate\\Container\\BoundMethod::callBoundMethod()
#32 /home/u696756991/domains/caserole.shop/public_html/vendor/laravel/framework/src/Illuminate/Container/Container.php(662): Illuminate\\Container\\BoundMethod::call()
#33 /home/u696756991/domains/caserole.shop/public_html/vendor/laravel/framework/src/Illuminate/Foundation/Support/Providers/RouteServiceProvider.php(120): Illuminate\\Container\\Container->call()
#34 /home/u696756991/domains/caserole.shop/public_html/vendor/laravel/framework/src/Illuminate/Foundation/Support/Providers/RouteServiceProvider.php(45): Illuminate\\Foundation\\Support\\Providers\\RouteServiceProvider->loadRoutes()
#35 /home/u696756991/domains/caserole.shop/public_html/vendor/laravel/framework/src/Illuminate/Container/BoundMethod.php(36): Illuminate\\Foundation\\Support\\Providers\\RouteServiceProvider->Illuminate\\Foundation\\Support\\Providers\\{closure}()
#36 /home/u696756991/domains/caserole.shop/public_html/vendor/laravel/framework/src/Illuminate/Container/Util.php(41): Illuminate\\Container\\BoundMethod::Illuminate\\Container\\{closure}()
#37 /home/u696756991/domains/caserole.shop/public_html/vendor/laravel/framework/src/Illuminate/Container/BoundMethod.php(81): Illuminate\\Container\\Util::unwrapIfClosure()
#38 /home/u696756991/domains/caserole.shop/public_html/vendor/laravel/framework/src/Illuminate/Container/BoundMethod.php(37): Illuminate\\Container\\BoundMethod::callBoundMethod()
#39 /home/u696756991/domains/caserole.shop/public_html/vendor/laravel/framework/src/Illuminate/Container/Container.php(662): Illuminate\\Container\\BoundMethod::call()
#40 /home/u696756991/domains/caserole.shop/public_html/vendor/laravel/framework/src/Illuminate/Support/ServiceProvider.php(119): Illuminate\\Container\\Container->call()
#41 /home/u696756991/domains/caserole.shop/public_html/vendor/laravel/framework/src/Illuminate/Foundation/Application.php(1013): Illuminate\\Support\\ServiceProvider->callBootedCallbacks()
#42 /home/u696756991/domains/caserole.shop/public_html/vendor/laravel/framework/src/Illuminate/Foundation/Application.php(991): Illuminate\\Foundation\\Application->bootProvider()
#43 [internal function]: Illuminate\\Foundation\\Application->Illuminate\\Foundation\\{closure}()
#44 /home/u696756991/domains/caserole.shop/public_html/vendor/laravel/framework/src/Illuminate/Foundation/Application.php(992): array_walk()
#45 /home/u696756991/domains/caserole.shop/public_html/vendor/laravel/framework/src/Illuminate/Foundation/Bootstrap/BootProviders.php(17): Illuminate\\Foundation\\Application->boot()
#46 /home/u696756991/domains/caserole.shop/public_html/vendor/laravel/framework/src/Illuminate/Foundation/Application.php(261): Illuminate\\Foundation\\Bootstrap\\BootProviders->bootstrap()
#47 /home/u696756991/domains/caserole.shop/public_html/vendor/laravel/framework/src/Illuminate/Foundation/Http/Kernel.php(186): Illuminate\\Foundation\\Application->bootstrapWith()
#48 /home/u696756991/domains/caserole.shop/public_html/vendor/laravel/framework/src/Illuminate/Foundation/Http/Kernel.php(170): Illuminate\\Foundation\\Http\\Kernel->bootstrap()
#49 /home/u696756991/domains/caserole.shop/public_html/vendor/laravel/framework/src/Illuminate/Foundation/Http/Kernel.php(144): Illuminate\\Foundation\\Http\\Kernel->sendRequestThroughRouter()
#50 /home/u696756991/domains/caserole.shop/public_html/public/index.php(52): Illuminate\\Foundation\\Http\\Kernel->handle()
#51 {main}
"} 
